<?xml version="1.0" encoding="UTF-8"?>
<testsuite name="uk.md.MaternityCalculationsAPI.UnitTests.PatientsSeenLogicTest" tests="3" skipped="0" failures="0" errors="0" timestamp="2023-05-23T09:45:41" hostname="Damons-MacBook-Air.local" time="1.457">
  <properties/>
  <testcase name="test_filtering_duplicates()" classname="uk.md.MaternityCalculationsAPI.UnitTests.PatientsSeenLogicTest" time="0.001"/>
  <testcase name="unfiltered_list_employee2_result_size_is_1()" classname="uk.md.MaternityCalculationsAPI.UnitTests.PatientsSeenLogicTest" time="0.541"/>
  <testcase name="unfiltered_list_employee1_result_size_is_2()" classname="uk.md.MaternityCalculationsAPI.UnitTests.PatientsSeenLogicTest" time="0.904"/>
  <system-out><![CDATA[]]></system-out>
  <system-err><![CDATA[]]></system-err>
</testsuite>
