<?xml version="1.0" encoding="UTF-8"?>
<testsuite name="uk.md.MaternityCalculationsAPI.UnitTests.BusiestDayLogicTest" tests="4" skipped="0" failures="0" errors="0" timestamp="2023-05-23T11:45:30" hostname="Damons-MacBook-Air.local" time="0.279">
  <properties/>
  <testcase name="test_admissions_before_discharge_is_filtered()" classname="uk.md.MaternityCalculationsAPI.UnitTests.BusiestDayLogicTest" time="0.264"/>
  <testcase name="test_admissions_to_weekday_frequency_map()" classname="uk.md.MaternityCalculationsAPI.UnitTests.BusiestDayLogicTest" time="0.004"/>
  <testcase name="test_calculate_frequency_of_days_has_3_busiest_day_large_data()" classname="uk.md.MaternityCalculationsAPI.UnitTests.BusiestDayLogicTest" time="0.005"/>
  <testcase name="test_calculate_frequency_of_days_has_1_busiest_day()" classname="uk.md.MaternityCalculationsAPI.UnitTests.BusiestDayLogicTest" time="0.003"/>
  <system-out><![CDATA[]]></system-out>
  <system-err><![CDATA[]]></system-err>
</testsuite>
