<?xml version="1.0" encoding="UTF-8"?>
<testsuite name="uk.md.MaternityCalculationsAPI.UnitTests.AvgDurationByStaffLogicTest" tests="1" skipped="0" failures="0" errors="0" timestamp="2023-05-23T06:09:38" hostname="Damons-MacBook-Air.local" time="0.001">
  <properties/>
  <testcase name="test_mean_duration_all_5_mins()" classname="uk.md.MaternityCalculationsAPI.UnitTests.AvgDurationByStaffLogicTest" time="0.001"/>
  <system-out><![CDATA[]]></system-out>
  <system-err><![CDATA[]]></system-err>
</testsuite>
