<?xml version="1.0" encoding="UTF-8"?>
<testsuite name="uk.md.MaternityCalculationsAPI.UnitTests.AvgDurationByStaffLogicTest" tests="4" skipped="0" failures="0" errors="0" timestamp="2023-05-23T02:38:27" hostname="Damons-MacBook-Air.local" time="0.043">
  <properties/>
  <testcase name="test_check_normal_date_short_duration_over_night_calculator()" classname="uk.md.MaternityCalculationsAPI.UnitTests.AvgDurationByStaffLogicTest" time="0.035"/>
  <testcase name="test_check_normal_date_duration_hours_minutes_calculator()" classname="uk.md.MaternityCalculationsAPI.UnitTests.AvgDurationByStaffLogicTest" time="0.002"/>
  <testcase name="test_check_min_date_duration_difference_calculator_1()" classname="uk.md.MaternityCalculationsAPI.UnitTests.AvgDurationByStaffLogicTest" time="0.001"/>
  <testcase name="test_check_min_date_duration_difference_calculator_2()" classname="uk.md.MaternityCalculationsAPI.UnitTests.AvgDurationByStaffLogicTest" time="0.001"/>
  <system-out><![CDATA[]]></system-out>
  <system-err><![CDATA[]]></system-err>
</testsuite>
