<?xml version="1.0" encoding="UTF-8"?>
<testsuite name="uk.md.MaternityCalculationsAPI.UnitTests.DischargedQuickLogicTest" tests="7" skipped="0" failures="0" errors="0" timestamp="2023-05-23T11:45:30" hostname="Damons-MacBook-Air.local" time="0.01">
  <properties/>
  <testcase name="test_is_quick_invalid()" classname="uk.md.MaternityCalculationsAPI.UnitTests.DischargedQuickLogicTest" time="0.003"/>
  <testcase name="test_is_quick_acceptable()" classname="uk.md.MaternityCalculationsAPI.UnitTests.DischargedQuickLogicTest" time="0.0"/>
  <testcase name="test_admitted_before_discharged_checker_acceptable_input_years_passed()" classname="uk.md.MaternityCalculationsAPI.UnitTests.DischargedQuickLogicTest" time="0.001"/>
  <testcase name="test_admitted_before_discharged_checker_acceptable_input()" classname="uk.md.MaternityCalculationsAPI.UnitTests.DischargedQuickLogicTest" time="0.001"/>
  <testcase name="test_no_duplicate_patients_for_discharged_quickly()" classname="uk.md.MaternityCalculationsAPI.UnitTests.DischargedQuickLogicTest" time="0.0"/>
  <testcase name="test_check_date_is_before_checker_acceptable()" classname="uk.md.MaternityCalculationsAPI.UnitTests.DischargedQuickLogicTest" time="0.0"/>
  <testcase name="test_check_date_is_before_checker_invalid()" classname="uk.md.MaternityCalculationsAPI.UnitTests.DischargedQuickLogicTest" time="0.001"/>
  <system-out><![CDATA[]]></system-out>
  <system-err><![CDATA[]]></system-err>
</testsuite>
