<?xml version="1.0" encoding="UTF-8"?>
<testsuite name="uk.md.MaternityCalculationsAPI.UnitTests.AvgDurationByStaffLogicTest" tests="3" skipped="0" failures="0" errors="0" timestamp="2023-05-23T11:45:30" hostname="Damons-MacBook-Air.local" time="0.003">
  <properties/>
  <testcase name="addingDurations()" classname="uk.md.MaternityCalculationsAPI.UnitTests.AvgDurationByStaffLogicTest" time="0.001"/>
  <testcase name="test_mean_duration_5_items_randomly()" classname="uk.md.MaternityCalculationsAPI.UnitTests.AvgDurationByStaffLogicTest" time="0.0"/>
  <testcase name="test_mean_duration_all_5_mins()" classname="uk.md.MaternityCalculationsAPI.UnitTests.AvgDurationByStaffLogicTest" time="0.001"/>
  <system-out><![CDATA[]]></system-out>
  <system-err><![CDATA[]]></system-err>
</testsuite>
